<?xml version="1.0" encoding="UTF-8"?>
<!-- Generated by org.testng.reporters.JUnitXMLReporter -->
<testsuite ignored="0" hostname="Kanupriya" failures="0" tests="7" name="Test" time="35.31" errors="0" timestamp="2023-06-13T10:00:22 BST">
  <testcase classname="com.application.tests.ApplicationTest" name="verifyApplicationIsLaunchedSuccessfully" time="2.866"/>
  <testcase classname="com.application.tests.ApplicationTest" name="verifyApplicationLogoAndCaption" time="2.235"/>
  <testcase classname="com.application.tests.ApplicationTest" name="verifyApplicationHeader" time="2.751"/>
  <testcase classname="com.application.tests.ApplicationTest" name="verifyApplicationLoginIsSuccessful" time="5.343"/>
  <testcase classname="com.application.tests.ApplicationTest" name="verifyApplicationLoginIsSuccessful" time="5.018"/>
  <testcase classname="com.application.tests.ApplicationTest" name="verifyRegistrationPageIsLaunched" time="2.801"/>
  <testcase classname="com.application.tests.ApplicationTest" name="verifyForgotPasswordPageIsLaunched" time="3.013"/>
</testsuite> <!-- Test -->
