<?xml version="1.0" encoding="UTF-8"?>
<testng-results ignored="0" total="7" passed="7" failed="0" skipped="0">
  <reporter-output>
  </reporter-output>
  <suite started-at="2023-06-13T09:59:47 BST" name="Suite" finished-at="2023-06-13T10:00:22 BST" duration-ms="35310">
    <groups>
      <group name="Smoke">
        <method signature="ApplicationTest.verifyApplicationIsLaunchedSuccessfully()[pri:1, instance:com.application.tests.ApplicationTest@4b8ee4de]" name="verifyApplicationIsLaunchedSuccessfully" class="com.application.tests.ApplicationTest"/>
      </group> <!-- Smoke -->
    </groups>
    <test started-at="2023-06-13T09:59:47 BST" name="Test" finished-at="2023-06-13T10:00:22 BST" duration-ms="35310">
      <class name="com.application.tests.ApplicationTest">
        <test-method is-config="true" signature="setupReport()[pri:0, instance:com.application.tests.ApplicationTest@4b8ee4de]" started-at="2023-06-13T09:59:47 BST" name="setupReport" finished-at="2023-06-13T09:59:47 BST" duration-ms="251" status="PASS">
          <reporter-output>
          </reporter-output>
        </test-method> <!-- setupReport -->
        <test-method is-config="true" signature="setupBrowser(java.lang.String)[pri:0, instance:com.application.tests.ApplicationTest@4b8ee4de]" started-at="2023-06-13T09:59:47 BST" name="setupBrowser" finished-at="2023-06-13T09:59:50 BST" duration-ms="3188" status="PASS">
          <params>
            <param index="0">
              <value>
                <![CDATA[chrome]]>
              </value>
            </param>
          </params>
          <reporter-output>
          </reporter-output>
        </test-method> <!-- setupBrowser -->
        <test-method is-config="true" signature="intialisePageClasses()[pri:0, instance:com.application.tests.ApplicationTest@4b8ee4de]" started-at="2023-06-13T09:59:50 BST" name="intialisePageClasses" finished-at="2023-06-13T09:59:50 BST" depends-on-methods="com.framework.base.BasePage.setupBrowser" duration-ms="49" status="PASS">
          <reporter-output>
          </reporter-output>
        </test-method> <!-- intialisePageClasses -->
        <test-method signature="verifyApplicationIsLaunchedSuccessfully()[pri:1, instance:com.application.tests.ApplicationTest@4b8ee4de]" started-at="2023-06-13T09:59:50 BST" name="verifyApplicationIsLaunchedSuccessfully" finished-at="2023-06-13T09:59:53 BST" duration-ms="2866" status="PASS">
          <reporter-output>
          </reporter-output>
        </test-method> <!-- verifyApplicationIsLaunchedSuccessfully -->
        <test-method is-config="true" signature="closeBrowser()[pri:0, instance:com.application.tests.ApplicationTest@4b8ee4de]" started-at="2023-06-13T09:59:53 BST" name="closeBrowser" finished-at="2023-06-13T09:59:54 BST" duration-ms="188" status="PASS">
          <reporter-output>
          </reporter-output>
        </test-method> <!-- closeBrowser -->
        <test-method is-config="true" signature="setupBrowser(java.lang.String)[pri:0, instance:com.application.tests.ApplicationTest@4b8ee4de]" started-at="2023-06-13T09:59:54 BST" name="setupBrowser" finished-at="2023-06-13T09:59:55 BST" duration-ms="1092" status="PASS">
          <params>
            <param index="0">
              <value>
                <![CDATA[chrome]]>
              </value>
            </param>
          </params>
          <reporter-output>
          </reporter-output>
        </test-method> <!-- setupBrowser -->
        <test-method is-config="true" signature="intialisePageClasses()[pri:0, instance:com.application.tests.ApplicationTest@4b8ee4de]" started-at="2023-06-13T09:59:55 BST" name="intialisePageClasses" finished-at="2023-06-13T09:59:55 BST" depends-on-methods="com.framework.base.BasePage.setupBrowser" duration-ms="2" status="PASS">
          <reporter-output>
          </reporter-output>
        </test-method> <!-- intialisePageClasses -->
        <test-method signature="verifyApplicationLogoAndCaption()[pri:2, instance:com.application.tests.ApplicationTest@4b8ee4de]" started-at="2023-06-13T09:59:55 BST" name="verifyApplicationLogoAndCaption" finished-at="2023-06-13T09:59:57 BST" duration-ms="2235" status="PASS">
          <reporter-output>
          </reporter-output>
        </test-method> <!-- verifyApplicationLogoAndCaption -->
        <test-method is-config="true" signature="closeBrowser()[pri:0, instance:com.application.tests.ApplicationTest@4b8ee4de]" started-at="2023-06-13T09:59:57 BST" name="closeBrowser" finished-at="2023-06-13T09:59:57 BST" duration-ms="180" status="PASS">
          <reporter-output>
          </reporter-output>
        </test-method> <!-- closeBrowser -->
        <test-method is-config="true" signature="setupBrowser(java.lang.String)[pri:0, instance:com.application.tests.ApplicationTest@4b8ee4de]" started-at="2023-06-13T09:59:57 BST" name="setupBrowser" finished-at="2023-06-13T09:59:58 BST" duration-ms="1048" status="PASS">
          <params>
            <param index="0">
              <value>
                <![CDATA[chrome]]>
              </value>
            </param>
          </params>
          <reporter-output>
          </reporter-output>
        </test-method> <!-- setupBrowser -->
        <test-method is-config="true" signature="intialisePageClasses()[pri:0, instance:com.application.tests.ApplicationTest@4b8ee4de]" started-at="2023-06-13T09:59:58 BST" name="intialisePageClasses" finished-at="2023-06-13T09:59:58 BST" depends-on-methods="com.framework.base.BasePage.setupBrowser" duration-ms="2" status="PASS">
          <reporter-output>
          </reporter-output>
        </test-method> <!-- intialisePageClasses -->
        <test-method signature="verifyApplicationHeader()[pri:3, instance:com.application.tests.ApplicationTest@4b8ee4de]" started-at="2023-06-13T09:59:58 BST" name="verifyApplicationHeader" finished-at="2023-06-13T10:00:01 BST" duration-ms="2751" status="PASS">
          <reporter-output>
          </reporter-output>
        </test-method> <!-- verifyApplicationHeader -->
        <test-method is-config="true" signature="closeBrowser()[pri:0, instance:com.application.tests.ApplicationTest@4b8ee4de]" started-at="2023-06-13T10:00:01 BST" name="closeBrowser" finished-at="2023-06-13T10:00:01 BST" duration-ms="167" status="PASS">
          <reporter-output>
          </reporter-output>
        </test-method> <!-- closeBrowser -->
        <test-method is-config="true" signature="setupBrowser(java.lang.String)[pri:0, instance:com.application.tests.ApplicationTest@4b8ee4de]" started-at="2023-06-13T10:00:01 BST" name="setupBrowser" finished-at="2023-06-13T10:00:02 BST" duration-ms="1062" status="PASS">
          <params>
            <param index="0">
              <value>
                <![CDATA[chrome]]>
              </value>
            </param>
          </params>
          <reporter-output>
          </reporter-output>
        </test-method> <!-- setupBrowser -->
        <test-method is-config="true" signature="intialisePageClasses()[pri:0, instance:com.application.tests.ApplicationTest@4b8ee4de]" started-at="2023-06-13T10:00:02 BST" name="intialisePageClasses" finished-at="2023-06-13T10:00:02 BST" depends-on-methods="com.framework.base.BasePage.setupBrowser" duration-ms="4" status="PASS">
          <reporter-output>
          </reporter-output>
        </test-method> <!-- intialisePageClasses -->
        <test-method signature="verifyApplicationLoginIsSuccessful(java.lang.String,java.lang.String)[pri:4, instance:com.application.tests.ApplicationTest@4b8ee4de]" started-at="2023-06-13T10:00:02 BST" name="verifyApplicationLoginIsSuccessful" data-provider="testData" finished-at="2023-06-13T10:00:08 BST" duration-ms="5343" status="PASS">
          <params>
            <param index="0">
              <value>
                <![CDATA[abc]]>
              </value>
            </param>
            <param index="1">
              <value>
                <![CDATA[123]]>
              </value>
            </param>
          </params>
          <reporter-output>
          </reporter-output>
        </test-method> <!-- verifyApplicationLoginIsSuccessful -->
        <test-method is-config="true" signature="closeBrowser()[pri:0, instance:com.application.tests.ApplicationTest@4b8ee4de]" started-at="2023-06-13T10:00:08 BST" name="closeBrowser" finished-at="2023-06-13T10:00:08 BST" duration-ms="144" status="PASS">
          <reporter-output>
          </reporter-output>
        </test-method> <!-- closeBrowser -->
        <test-method is-config="true" signature="setupBrowser(java.lang.String)[pri:0, instance:com.application.tests.ApplicationTest@4b8ee4de]" started-at="2023-06-13T10:00:08 BST" name="setupBrowser" finished-at="2023-06-13T10:00:09 BST" duration-ms="1066" status="PASS">
          <params>
            <param index="0">
              <value>
                <![CDATA[chrome]]>
              </value>
            </param>
          </params>
          <reporter-output>
          </reporter-output>
        </test-method> <!-- setupBrowser -->
        <test-method is-config="true" signature="intialisePageClasses()[pri:0, instance:com.application.tests.ApplicationTest@4b8ee4de]" started-at="2023-06-13T10:00:09 BST" name="intialisePageClasses" finished-at="2023-06-13T10:00:09 BST" depends-on-methods="com.framework.base.BasePage.setupBrowser" duration-ms="2" status="PASS">
          <reporter-output>
          </reporter-output>
        </test-method> <!-- intialisePageClasses -->
        <test-method signature="verifyApplicationLoginIsSuccessful(java.lang.String,java.lang.String)[pri:4, instance:com.application.tests.ApplicationTest@4b8ee4de]" started-at="2023-06-13T10:00:09 BST" name="verifyApplicationLoginIsSuccessful" data-provider="testData" finished-at="2023-06-13T10:00:14 BST" duration-ms="5018" status="PASS">
          <params>
            <param index="0">
              <value>
                <![CDATA[xyz]]>
              </value>
            </param>
            <param index="1">
              <value>
                <![CDATA[xyz123]]>
              </value>
            </param>
          </params>
          <reporter-output>
          </reporter-output>
        </test-method> <!-- verifyApplicationLoginIsSuccessful -->
        <test-method is-config="true" signature="closeBrowser()[pri:0, instance:com.application.tests.ApplicationTest@4b8ee4de]" started-at="2023-06-13T10:00:14 BST" name="closeBrowser" finished-at="2023-06-13T10:00:14 BST" duration-ms="179" status="PASS">
          <reporter-output>
          </reporter-output>
        </test-method> <!-- closeBrowser -->
        <test-method is-config="true" signature="setupBrowser(java.lang.String)[pri:0, instance:com.application.tests.ApplicationTest@4b8ee4de]" started-at="2023-06-13T10:00:14 BST" name="setupBrowser" finished-at="2023-06-13T10:00:15 BST" duration-ms="1076" status="PASS">
          <params>
            <param index="0">
              <value>
                <![CDATA[chrome]]>
              </value>
            </param>
          </params>
          <reporter-output>
          </reporter-output>
        </test-method> <!-- setupBrowser -->
        <test-method is-config="true" signature="intialisePageClasses()[pri:0, instance:com.application.tests.ApplicationTest@4b8ee4de]" started-at="2023-06-13T10:00:15 BST" name="intialisePageClasses" finished-at="2023-06-13T10:00:15 BST" depends-on-methods="com.framework.base.BasePage.setupBrowser" duration-ms="2" status="PASS">
          <reporter-output>
          </reporter-output>
        </test-method> <!-- intialisePageClasses -->
        <test-method signature="verifyRegistrationPageIsLaunched()[pri:5, instance:com.application.tests.ApplicationTest@4b8ee4de]" started-at="2023-06-13T10:00:15 BST" name="verifyRegistrationPageIsLaunched" finished-at="2023-06-13T10:00:18 BST" duration-ms="2801" status="PASS">
          <reporter-output>
          </reporter-output>
        </test-method> <!-- verifyRegistrationPageIsLaunched -->
        <test-method is-config="true" signature="closeBrowser()[pri:0, instance:com.application.tests.ApplicationTest@4b8ee4de]" started-at="2023-06-13T10:00:18 BST" name="closeBrowser" finished-at="2023-06-13T10:00:18 BST" duration-ms="144" status="PASS">
          <reporter-output>
          </reporter-output>
        </test-method> <!-- closeBrowser -->
        <test-method is-config="true" signature="setupBrowser(java.lang.String)[pri:0, instance:com.application.tests.ApplicationTest@4b8ee4de]" started-at="2023-06-13T10:00:18 BST" name="setupBrowser" finished-at="2023-06-13T10:00:19 BST" duration-ms="1050" status="PASS">
          <params>
            <param index="0">
              <value>
                <![CDATA[chrome]]>
              </value>
            </param>
          </params>
          <reporter-output>
          </reporter-output>
        </test-method> <!-- setupBrowser -->
        <test-method is-config="true" signature="intialisePageClasses()[pri:0, instance:com.application.tests.ApplicationTest@4b8ee4de]" started-at="2023-06-13T10:00:19 BST" name="intialisePageClasses" finished-at="2023-06-13T10:00:19 BST" depends-on-methods="com.framework.base.BasePage.setupBrowser" duration-ms="2" status="PASS">
          <reporter-output>
          </reporter-output>
        </test-method> <!-- intialisePageClasses -->
        <test-method signature="verifyForgotPasswordPageIsLaunched()[pri:6, instance:com.application.tests.ApplicationTest@4b8ee4de]" started-at="2023-06-13T10:00:19 BST" name="verifyForgotPasswordPageIsLaunched" finished-at="2023-06-13T10:00:22 BST" duration-ms="3013" status="PASS">
          <reporter-output>
          </reporter-output>
        </test-method> <!-- verifyForgotPasswordPageIsLaunched -->
        <test-method is-config="true" signature="closeBrowser()[pri:0, instance:com.application.tests.ApplicationTest@4b8ee4de]" started-at="2023-06-13T10:00:22 BST" name="closeBrowser" finished-at="2023-06-13T10:00:22 BST" duration-ms="146" status="PASS">
          <reporter-output>
          </reporter-output>
        </test-method> <!-- closeBrowser -->
      </class> <!-- com.application.tests.ApplicationTest -->
    </test> <!-- Test -->
  </suite> <!-- Suite -->
</testng-results>
